c:\su\repository\codeanalyzer\analyzer\x64\debug\vc140.pdb
c:\su\repository\codeanalyzer\analyzer\x64\debug\vc140.idb
c:\su\repository\codeanalyzer\analyzer\x64\debug\abstrsyntree.obj
c:\su\repository\codeanalyzer\analyzer\x64\debug\filemgr.obj
c:\su\repository\codeanalyzer\analyzer\x64\debug\filesystem.obj
c:\su\repository\codeanalyzer\analyzer\x64\debug\grammarhelpers.obj
c:\su\repository\codeanalyzer\analyzer\x64\debug\logger.obj
c:\su\repository\codeanalyzer\analyzer\x64\debug\actionsandrules.obj
c:\su\repository\codeanalyzer\analyzer\x64\debug\configureparser.obj
c:\su\repository\codeanalyzer\analyzer\x64\debug\parser.obj
c:\su\repository\codeanalyzer\analyzer\x64\debug\scopestack.obj
c:\su\repository\codeanalyzer\analyzer\x64\debug\semiexp.obj
c:\su\repository\codeanalyzer\analyzer\x64\debug\tokenizer.obj
c:\su\repository\codeanalyzer\analyzer\x64\debug\utilities.obj
c:\su\repository\codeanalyzer\analyzer\x64\debug\executive.obj
c:\su\repository\codeanalyzer\x64\debug\analyzer.ilk
c:\su\repository\codeanalyzer\x64\debug\analyzer.exe
c:\su\repository\codeanalyzer\x64\debug\analyzer.pdb
c:\su\repository\codeanalyzer\analyzer\x64\debug\analyzer.tlog\cl.command.1.tlog
c:\su\repository\codeanalyzer\analyzer\x64\debug\analyzer.tlog\cl.read.1.tlog
c:\su\repository\codeanalyzer\analyzer\x64\debug\analyzer.tlog\cl.write.1.tlog
c:\su\repository\codeanalyzer\analyzer\x64\debug\analyzer.tlog\link.command.1.tlog
c:\su\repository\codeanalyzer\analyzer\x64\debug\analyzer.tlog\link.read.1.tlog
c:\su\repository\codeanalyzer\analyzer\x64\debug\analyzer.tlog\link.write.1.tlog
